<?xml version="1.0" encoding="UTF-8"?>
<!-- Generated by org.testng.reporters.JUnitXMLReporter -->
<testsuite hostname="Jigars-MacBook-Pro.local" ignored="0" name="Test" tests="3" failures="0" timestamp="17 Sep 2019 17:00:08 GMT" time="35.958" errors="0">
  <testcase name="openFF" time="17.603" classname="zaleniumDemo.ChromeZaleniumDemo"/>
  <testcase name="openFF" time="34.025" classname="zaleniumDemo.FirefoxZaleniumDemo"/>
  <testcase name="openFF" time="35.929" classname="zaleniumDemo.ChromeZaleniumDemo2"/>
</testsuite> <!-- Test -->
